Searching DEVSIM_MATH_LIBS="libopenblas.so:liblapack.so:libblas.so"
Loading "libopenblas.so": ALL BLAS/LAPACK LOADED
Skipping liblapack.so
Skipping libblas.so
loading UMFPACK 5.1 as direct solver
mid
bot
 (region: MyRegion)
 (contact: top)
 (contact: bot)
creating solution dcop with 2 nodes
number of equations 259
creating solution dcop_prev with 2 nodes
Iteration: 0
  Device: "MyDevice"	RelError: 1.00000e+00	AbsError: 8.88979e-02
    Region: "MyRegion"	RelError: 1.00000e+00	AbsError: 8.88979e-02
      Equation: "PotentialEquation"	RelError: 1.00000e+00	AbsError: 8.88979e-02
  Circuit: 	RelError: 0.00000e+00	AbsError: 0.00000e+00
Iteration: 1
  Device: "MyDevice"	RelError: 4.91289e-01	AbsError: 8.58533e-02
    Region: "MyRegion"	RelError: 4.91289e-01	AbsError: 8.58533e-02
      Equation: "PotentialEquation"	RelError: 4.91289e-01	AbsError: 8.58533e-02
  Circuit: 	RelError: 0.00000e+00	AbsError: 0.00000e+00
Iteration: 2
  Device: "MyDevice"	RelError: 3.20767e-01	AbsError: 8.25260e-02
    Region: "MyRegion"	RelError: 3.20767e-01	AbsError: 8.25260e-02
      Equation: "PotentialEquation"	RelError: 3.20767e-01	AbsError: 8.25260e-02
  Circuit: 	RelError: 0.00000e+00	AbsError: 0.00000e+00
Iteration: 3
  Device: "MyDevice"	RelError: 2.34485e-01	AbsError: 7.88067e-02
    Region: "MyRegion"	RelError: 2.34485e-01	AbsError: 7.88067e-02
      Equation: "PotentialEquation"	RelError: 2.34485e-01	AbsError: 7.88067e-02
  Circuit: 	RelError: 0.00000e+00	AbsError: 0.00000e+00
Iteration: 4
  Device: "MyDevice"	RelError: 1.94033e-01	AbsError: 7.35639e-02
    Region: "MyRegion"	RelError: 1.94033e-01	AbsError: 7.35639e-02
      Equation: "PotentialEquation"	RelError: 1.94033e-01	AbsError: 7.35639e-02
  Circuit: 	RelError: 0.00000e+00	AbsError: 0.00000e+00
Iteration: 5
  Device: "MyDevice"	RelError: 2.20108e+00	AbsError: 5.56834e-02
    Region: "MyRegion"	RelError: 2.20108e+00	AbsError: 5.56834e-02
      Equation: "PotentialEquation"	RelError: 2.20108e+00	AbsError: 5.56834e-02
  Circuit: 	RelError: 0.00000e+00	AbsError: 0.00000e+00
Iteration: 6
  Device: "MyDevice"	RelError: 4.34688e-01	AbsError: 3.95692e-02
    Region: "MyRegion"	RelError: 4.34688e-01	AbsError: 3.95692e-02
      Equation: "PotentialEquation"	RelError: 4.34688e-01	AbsError: 3.95692e-02
  Circuit: 	RelError: 0.00000e+00	AbsError: 0.00000e+00
Iteration: 7
  Device: "MyDevice"	RelError: 6.45050e-02	AbsError: 2.91367e-02
    Region: "MyRegion"	RelError: 6.45050e-02	AbsError: 2.91367e-02
      Equation: "PotentialEquation"	RelError: 6.45050e-02	AbsError: 2.91367e-02
  Circuit: 	RelError: 0.00000e+00	AbsError: 0.00000e+00
Iteration: 8
  Device: "MyDevice"	RelError: 5.18778e-02	AbsError: 2.47384e-02
    Region: "MyRegion"	RelError: 5.18778e-02	AbsError: 2.47384e-02
      Equation: "PotentialEquation"	RelError: 5.18778e-02	AbsError: 2.47384e-02
  Circuit: 	RelError: 0.00000e+00	AbsError: 0.00000e+00
Iteration: 9
  Device: "MyDevice"	RelError: 8.93317e-04	AbsError: 4.25961e-04
    Region: "MyRegion"	RelError: 8.93317e-04	AbsError: 4.25961e-04
      Equation: "PotentialEquation"	RelError: 8.93317e-04	AbsError: 4.25961e-04
  Circuit: 	RelError: 0.00000e+00	AbsError: 0.00000e+00
Iteration: 10
  Device: "MyDevice"	RelError: 2.08087e-06	AbsError: 9.92174e-07
    Region: "MyRegion"	RelError: 2.08087e-06	AbsError: 9.92174e-07
      Equation: "PotentialEquation"	RelError: 2.08087e-06	AbsError: 9.92174e-07
  Circuit: 	RelError: 0.00000e+00	AbsError: 0.00000e+00
Iteration: 11
  Device: "MyDevice"	RelError: 1.63447e-11	AbsError: 7.79301e-12
    Region: "MyRegion"	RelError: 1.63447e-11	AbsError: 7.79301e-12
      Equation: "PotentialEquation"	RelError: 1.63447e-11	AbsError: 7.79301e-12
  Circuit: 	RelError: 0.00000e+00	AbsError: 0.00000e+00
Iteration: 12
  Device: "MyDevice"	RelError: 1.17526e-21	AbsError: 5.60330e-22
    Region: "MyRegion"	RelError: 1.17526e-21	AbsError: 5.60330e-22
      Equation: "PotentialEquation"	RelError: 1.17526e-21	AbsError: 5.60330e-22
  Circuit: 	RelError: 0.00000e+00	AbsError: 0.00000e+00
Warning: Replacing equation with equation of the same name.
Region: MyRegion, Equation: PotentialEquation, Variable: Potential
number of equations 773
Iteration: 0
  Device: "MyDevice"	RelError: 4.97163e-32	AbsError: 1.40089e-14
    Region: "MyRegion"	RelError: 4.97163e-32	AbsError: 1.40089e-14
      Equation: "ElectronContinuityEquation"	RelError: 1.58001e-32	AbsError: 7.56962e-15
      Equation: "HoleContinuityEquation"	RelError: 1.46260e-32	AbsError: 6.43929e-15
      Equation: "PotentialEquation"	RelError: 1.92903e-32	AbsError: 1.86241e-34
  Circuit: 	RelError: 2.37476e-31	AbsError: 2.37476e-41
V1.I	2.374755038319209e-41
top_bias	0.000000000000000e+00
number of equations 773
Iteration: 0
  Device: "MyDevice"	RelError: 1.28189e+02	AbsError: 1.45820e+18
    Region: "MyRegion"	RelError: 1.28189e+02	AbsError: 1.45820e+18
      Equation: "ElectronContinuityEquation"	RelError: 9.59899e-01	AbsError: 7.28733e+17
      Equation: "HoleContinuityEquation"	RelError: 9.59901e-01	AbsError: 7.29467e+17
      Equation: "PotentialEquation"	RelError: 1.26269e+02	AbsError: 8.63291e-02
  Circuit: 	RelError: 1.00000e+00	AbsError: 7.00146e-01
Iteration: 1
  Device: "MyDevice"	RelError: 8.24889e+02	AbsError: 9.69665e+17
    Region: "MyRegion"	RelError: 8.24889e+02	AbsError: 9.69665e+17
      Equation: "ElectronContinuityEquation"	RelError: 9.58397e-01	AbsError: 5.02679e+17
      Equation: "HoleContinuityEquation"	RelError: 9.89618e-01	AbsError: 4.66985e+17
      Equation: "PotentialEquation"	RelError: 8.22941e+02	AbsError: 8.30498e-02
  Circuit: 	RelError: 1.31825e-01	AbsError: 2.22262e-05
Iteration: 2
  Device: "MyDevice"	RelError: 2.81459e+01	AbsError: 6.41168e+17
    Region: "MyRegion"	RelError: 2.81459e+01	AbsError: 6.41168e+17
      Equation: "ElectronContinuityEquation"	RelError: 9.52997e-01	AbsError: 3.28358e+17
      Equation: "HoleContinuityEquation"	RelError: 9.91964e-01	AbsError: 3.12810e+17
      Equation: "PotentialEquation"	RelError: 2.62009e+01	AbsError: 7.94473e-02
  Circuit: 	RelError: 1.13273e-01	AbsError: 2.15380e-05
Iteration: 3
  Device: "MyDevice"	RelError: 3.43636e+01	AbsError: 4.03876e+17
    Region: "MyRegion"	RelError: 3.43636e+01	AbsError: 4.03876e+17
      Equation: "ElectronContinuityEquation"	RelError: 9.45117e-01	AbsError: 1.94733e+17
      Equation: "HoleContinuityEquation"	RelError: 9.84528e-01	AbsError: 2.09142e+17
      Equation: "PotentialEquation"	RelError: 3.24340e+01	AbsError: 7.54578e-02
  Circuit: 	RelError: 6.82104e-01	AbsError: 4.07986e-04
Iteration: 4
  Device: "MyDevice"	RelError: 1.23282e+02	AbsError: 2.40109e+17
    Region: "MyRegion"	RelError: 1.23282e+02	AbsError: 2.40109e+17
      Equation: "ElectronContinuityEquation"	RelError: 9.34566e-01	AbsError: 1.03977e+17
      Equation: "HoleContinuityEquation"	RelError: 9.70335e-01	AbsError: 1.36132e+17
      Equation: "PotentialEquation"	RelError: 1.21377e+02	AbsError: 7.09985e-02
  Circuit: 	RelError: 9.48769e-01	AbsError: 1.10769e-02
Iteration: 5
  Device: "MyDevice"	RelError: 2.89295e+02	AbsError: 1.39925e+17
    Region: "MyRegion"	RelError: 2.89295e+02	AbsError: 1.39925e+17
      Equation: "ElectronContinuityEquation"	RelError: 9.20194e-01	AbsError: 5.59975e+16
      Equation: "HoleContinuityEquation"	RelError: 9.41264e-01	AbsError: 8.39271e+16
      Equation: "PotentialEquation"	RelError: 2.87434e+02	AbsError: 6.59600e-02
  Circuit: 	RelError: 9.34449e-01	AbsError: 1.66432e-01
Iteration: 6
  Device: "MyDevice"	RelError: 3.13035e+00	AbsError: 6.92960e+16
    Region: "MyRegion"	RelError: 3.13035e+00	AbsError: 6.92960e+16
      Equation: "ElectronContinuityEquation"	RelError: 8.99888e-01	AbsError: 2.18448e+16
      Equation: "HoleContinuityEquation"	RelError: 8.80137e-01	AbsError: 4.74512e+16
      Equation: "PotentialEquation"	RelError: 1.35033e+00	AbsError: 6.01966e-02
  Circuit: 	RelError: 8.76592e-01	AbsError: 1.26513e+00
Iteration: 7
  Device: "MyDevice"	RelError: 2.16372e+00	AbsError: 3.17666e+16
    Region: "MyRegion"	RelError: 2.16372e+00	AbsError: 3.17666e+16
      Equation: "ElectronContinuityEquation"	RelError: 8.69793e-01	AbsError: 6.24299e+15
      Equation: "HoleContinuityEquation"	RelError: 7.48393e-01	AbsError: 2.55237e+16
      Equation: "PotentialEquation"	RelError: 5.45537e-01	AbsError: 5.35129e-02
  Circuit: 	RelError: 7.52964e-01	AbsError: 4.39898e+00
Iteration: 8
  Device: "MyDevice"	RelError: 1.61792e+00	AbsError: 1.46042e+16
    Region: "MyRegion"	RelError: 1.61792e+00	AbsError: 1.46042e+16
      Equation: "ElectronContinuityEquation"	RelError: 8.22510e-01	AbsError: 1.13643e+15
      Equation: "HoleContinuityEquation"	RelError: 4.77807e-01	AbsError: 1.34678e+16
      Equation: "PotentialEquation"	RelError: 3.17600e-01	AbsError: 4.56537e-02
  Circuit: 	RelError: 5.16772e-01	AbsError: 6.24777e+00
Iteration: 9
  Device: "MyDevice"	RelError: 1.04564e+00	AbsError: 5.60092e+15
    Region: "MyRegion"	RelError: 1.04564e+00	AbsError: 5.60092e+15
      Equation: "ElectronContinuityEquation"	RelError: 7.42456e-01	AbsError: 1.21076e+14
      Equation: "HoleContinuityEquation"	RelError: 1.01462e-01	AbsError: 5.47984e+15
      Equation: "PotentialEquation"	RelError: 2.01727e-01	AbsError: 3.63252e-02
  Circuit: 	RelError: 2.98787e-01	AbsError: 5.15154e+00
Iteration: 10
  Device: "MyDevice"	RelError: 7.34573e-01	AbsError: 2.04161e+15
    Region: "MyRegion"	RelError: 7.34573e-01	AbsError: 2.04161e+15
      Equation: "ElectronContinuityEquation"	RelError: 5.98705e-01	AbsError: 1.52557e+14
      Equation: "HoleContinuityEquation"	RelError: 1.23910e-02	AbsError: 1.88905e+15
      Equation: "PotentialEquation"	RelError: 1.23477e-01	AbsError: 2.56471e-02
  Circuit: 	RelError: 3.10740e-01	AbsError: 7.77301e+00
Iteration: 11
  Device: "MyDevice"	RelError: 4.39352e-01	AbsError: 6.43573e+14
    Region: "MyRegion"	RelError: 4.39352e-01	AbsError: 6.43573e+14
      Equation: "ElectronContinuityEquation"	RelError: 3.58230e-01	AbsError: 5.84899e+13
      Equation: "HoleContinuityEquation"	RelError: 1.78957e-03	AbsError: 5.85084e+14
      Equation: "PotentialEquation"	RelError: 7.93325e-02	AbsError: 1.77023e-02
  Circuit: 	RelError: 2.28404e-01	AbsError: 7.40468e+00
Iteration: 12
  Device: "MyDevice"	RelError: 1.26854e-01	AbsError: 3.29473e+13
    Region: "MyRegion"	RelError: 1.26854e-01	AbsError: 3.29473e+13
      Equation: "ElectronContinuityEquation"	RelError: 1.26806e-01	AbsError: 3.83796e+12
      Equation: "HoleContinuityEquation"	RelError: 4.42584e-05	AbsError: 2.91093e+13
      Equation: "PotentialEquation"	RelError: 3.74108e-06	AbsError: 9.05109e-07
  Circuit: 	RelError: 8.45432e-02	AbsError: 2.99394e+00
Iteration: 13
  Device: "MyDevice"	RelError: 7.97472e-07	AbsError: 2.11742e+08
    Region: "MyRegion"	RelError: 7.97472e-07	AbsError: 2.11742e+08
      Equation: "ElectronContinuityEquation"	RelError: 7.96668e-07	AbsError: 2.38343e+07
      Equation: "HoleContinuityEquation"	RelError: 7.97306e-10	AbsError: 1.87908e+08
      Equation: "PotentialEquation"	RelError: 6.14079e-12	AbsError: 1.39004e-12
  Circuit: 	RelError: 4.34100e-07	AbsError: 1.53729e-05
Iteration: 14
  Device: "MyDevice"	RelError: 2.16493e-17	AbsError: 1.87940e-03
    Region: "MyRegion"	RelError: 2.16493e-17	AbsError: 1.87940e-03
      Equation: "ElectronContinuityEquation"	RelError: 2.16310e-17	AbsError: 4.76246e-04
      Equation: "HoleContinuityEquation"	RelError: 1.80840e-20	AbsError: 1.40315e-03
      Equation: "PotentialEquation"	RelError: 1.89020e-22	AbsError: 4.41560e-23
  Circuit: 	RelError: 5.79680e-17	AbsError: 2.05283e-15
Charge Relative Error 1.00000e+00
V1.I	-3.541314752996282e+01
top_bias	7.000000000000000e-01
number of equations 773
Iteration: 0
  Device: "MyDevice"	RelError: 3.02113e-09	AbsError: 1.57354e+08
    Region: "MyRegion"	RelError: 3.02113e-09	AbsError: 1.57354e+08
      Equation: "ElectronContinuityEquation"	RelError: 1.30384e-09	AbsError: 7.47315e+07
      Equation: "HoleContinuityEquation"	RelError: 1.63945e-09	AbsError: 8.26224e+07
      Equation: "PotentialEquation"	RelError: 7.78353e-11	AbsError: 1.77639e-11
  Circuit: 	RelError: 5.60292e-06	AbsError: 1.98416e-04
Iteration: 1
  Device: "MyDevice"	RelError: 1.38666e-18	AbsError: 1.17928e-02
    Region: "MyRegion"	RelError: 1.38666e-18	AbsError: 1.17928e-02
      Equation: "ElectronContinuityEquation"	RelError: 6.66178e-19	AbsError: 5.83221e-03
      Equation: "HoleContinuityEquation"	RelError: 7.20039e-19	AbsError: 5.96059e-03
      Equation: "PotentialEquation"	RelError: 4.47349e-22	AbsError: 1.92688e-22
  Circuit: 	RelError: 7.06856e-17	AbsError: 2.50318e-15
Charge Relative Error 1.00000e+00
V1.I	-3.541294911387536e+01
top_bias	7.000000000000000e-01
number of equations 773
Iteration: 0
  Device: "MyDevice"	RelError: 1.43702e-18	AbsError: 1.80512e-02
    Region: "MyRegion"	RelError: 1.43702e-18	AbsError: 1.80512e-02
      Equation: "ElectronContinuityEquation"	RelError: 4.44043e-19	AbsError: 8.32122e-03
      Equation: "HoleContinuityEquation"	RelError: 9.84779e-19	AbsError: 9.72998e-03
      Equation: "PotentialEquation"	RelError: 8.20204e-21	AbsError: 1.88700e-21
  Circuit: 	RelError: 4.51837e-16	AbsError: 1.60009e-14
Charge Relative Error 4.18790e-07
V1.I	-3.541294911387534e+01
top_bias	7.000000000000000e-01
number of equations 773
Iteration: 0
  Device: "MyDevice"	RelError: 5.15275e-28	AbsError: 1.97287e-12
    Region: "MyRegion"	RelError: 5.15275e-28	AbsError: 1.97287e-12
      Equation: "ElectronContinuityEquation"	RelError: 1.08214e-28	AbsError: 9.01348e-13
      Equation: "HoleContinuityEquation"	RelError: 4.06183e-28	AbsError: 1.07152e-12
      Equation: "PotentialEquation"	RelError: 8.78481e-31	AbsError: 2.02515e-31
  Circuit: 	RelError: 5.05469e-17	AbsError: 1.79001e-15
Charge Relative Error 2.09717e-07
V1.I	-3.541294911387534e+01
top_bias	7.000000000000000e-01
number of equations 773
Iteration: 0
  Device: "MyDevice"	RelError: 3.00312e-33	AbsError: 5.59700e-16
    Region: "MyRegion"	RelError: 3.00312e-33	AbsError: 5.59700e-16
      Equation: "ElectronContinuityEquation"	RelError: 1.77425e-33	AbsError: 3.58087e-16
      Equation: "HoleContinuityEquation"	RelError: 1.10273e-33	AbsError: 2.01613e-16
      Equation: "PotentialEquation"	RelError: 1.26137e-34	AbsError: 4.09652e-35
  Circuit: 	RelError: 5.05469e-17	AbsError: 1.79001e-15
Charge Relative Error 2.09717e-07
V1.I	-3.541294911387534e+01
top_bias	7.000000000000000e-01
number of equations 773
Iteration: 0
  Device: "MyDevice"	RelError: 2.30840e-33	AbsError: 4.26804e-16
    Region: "MyRegion"	RelError: 2.30840e-33	AbsError: 4.26804e-16
      Equation: "ElectronContinuityEquation"	RelError: 1.14434e-33	AbsError: 1.83978e-16
      Equation: "HoleContinuityEquation"	RelError: 1.05411e-33	AbsError: 2.42826e-16
      Equation: "PotentialEquation"	RelError: 1.09948e-34	AbsError: 2.83860e-35
  Circuit: 	RelError: 5.05469e-17	AbsError: 1.79001e-15
Charge Relative Error 2.09717e-07
V1.I	-3.541294911387534e+01
top_bias	7.000000000000000e-01
number of equations 773
Iteration: 0
  Device: "MyDevice"	RelError: 1.93137e-33	AbsError: 3.10840e-16
    Region: "MyRegion"	RelError: 1.93137e-33	AbsError: 3.10840e-16
      Equation: "ElectronContinuityEquation"	RelError: 1.13517e-33	AbsError: 9.26281e-17
      Equation: "HoleContinuityEquation"	RelError: 6.72458e-34	AbsError: 2.18212e-16
      Equation: "PotentialEquation"	RelError: 1.23738e-34	AbsError: 3.16489e-35
  Circuit: 	RelError: 5.05469e-17	AbsError: 1.79001e-15
Charge Relative Error 2.09717e-07
V1.I	-3.541294911387534e+01
top_bias	7.000000000000000e-01
number of equations 773
Iteration: 0
  Device: "MyDevice"	RelError: 1.17026e-33	AbsError: 2.35661e-16
    Region: "MyRegion"	RelError: 1.17026e-33	AbsError: 2.35661e-16
      Equation: "ElectronContinuityEquation"	RelError: 6.71726e-34	AbsError: 8.60049e-17
      Equation: "HoleContinuityEquation"	RelError: 4.14307e-34	AbsError: 1.49656e-16
      Equation: "PotentialEquation"	RelError: 8.42258e-35	AbsError: 2.45597e-35
  Circuit: 	RelError: 5.05469e-17	AbsError: 1.79001e-15
Charge Relative Error 2.09717e-07
V1.I	-3.541294911387534e+01
top_bias	7.000000000000000e-01
number of equations 773
Iteration: 0
  Device: "MyDevice"	RelError: 1.39607e-33	AbsError: 2.15117e-16
    Region: "MyRegion"	RelError: 1.39607e-33	AbsError: 2.15117e-16
      Equation: "ElectronContinuityEquation"	RelError: 7.49513e-34	AbsError: 8.96607e-17
      Equation: "HoleContinuityEquation"	RelError: 5.46801e-34	AbsError: 1.25456e-16
      Equation: "PotentialEquation"	RelError: 9.97531e-35	AbsError: 2.85985e-35
  Circuit: 	RelError: 5.05469e-17	AbsError: 1.79001e-15
Charge Relative Error 2.09717e-07
V1.I	-3.541294911387534e+01
top_bias	7.000000000000000e-01
number of equations 773
Iteration: 0
  Device: "MyDevice"	RelError: 1.68927e-33	AbsError: 2.43168e-16
    Region: "MyRegion"	RelError: 1.68927e-33	AbsError: 2.43168e-16
      Equation: "ElectronContinuityEquation"	RelError: 7.84430e-34	AbsError: 9.04976e-17
      Equation: "HoleContinuityEquation"	RelError: 7.94244e-34	AbsError: 1.52671e-16
      Equation: "PotentialEquation"	RelError: 1.10601e-34	AbsError: 3.17718e-35
  Circuit: 	RelError: 5.05469e-17	AbsError: 1.79001e-15
Charge Relative Error 2.09717e-07
V1.I	-3.541294911387534e+01
top_bias	7.000000000000000e-01
